<?xml version="1.0" encoding="UTF-8"?>
<!-- Generated by org.testng.reporters.JUnitReportReporter -->
<testsuite hostname="DESKTOP-P4JKDR6" failures="0" tests="3" name="attributes.DependsOnMethodsMultipleExample2" time="1.039" errors="1" timestamp="2025-01-22T02:05:34 IST" skipped="1">
  <testcase classname="attributes.DependsOnMethodsMultipleExample2" name="parentMethod1" time="0.019"/>
  <testcase classname="attributes.DependsOnMethodsMultipleExample2" name="testMethod1" time="0.000">
    <skipped/>
  </testcase> <!-- testMethod1 -->
  <testcase classname="attributes.DependsOnMethodsMultipleExample2" name="parentMethod2" time="1.020">
    <error message="Method attributes.DependsOnMethodsMultipleExample2.parentMethod2() didn&#039;t finish within the time-out 1000" type="org.testng.internal.thread.ThreadTimeoutException">
      <![CDATA[org.testng.internal.thread.ThreadTimeoutException: Method attributes.DependsOnMethodsMultipleExample2.parentMethod2() didn't finish within the time-out 1000
at java.base/java.lang.Thread.sleep0(Native Method)
at java.base/java.lang.Thread.sleep(Thread.java:509)
at attributes.DependsOnMethodsMultipleExample2.parentMethod2(DependsOnMethodsMultipleExample2.java:19)
at java.base/jdk.internal.reflect.DirectMethodHandleAccessor.invoke(DirectMethodHandleAccessor.java:103)
at java.base/java.lang.reflect.Method.invoke(Method.java:580)
at org.testng.internal.invokers.MethodInvocationHelper.invokeMethod(MethodInvocationHelper.java:141)
at org.testng.internal.invokers.InvokeMethodRunnable.runOne(InvokeMethodRunnable.java:47)
at org.testng.internal.invokers.InvokeMethodRunnable.call(InvokeMethodRunnable.java:76)
at org.testng.internal.invokers.InvokeMethodRunnable.call(InvokeMethodRunnable.java:11)
at java.base/java.util.concurrent.FutureTask.run(FutureTask.java:317)
at java.base/java.util.concurrent.ThreadPoolExecutor.runWorker(ThreadPoolExecutor.java:1144)
at java.base/java.util.concurrent.ThreadPoolExecutor$Worker.run(ThreadPoolExecutor.java:642)
at java.base/java.lang.Thread.run(Thread.java:1583)
]]>
    </error>
  </testcase> <!-- parentMethod2 -->
</testsuite> <!-- attributes.DependsOnMethodsMultipleExample2 -->
